{"ProviderName":"Microsoft-Windows-Sysmon","ProviderGUID":"","EventID":"3","Level":"4","Task":"3","Opcode":"0","Keywords":"0x8000000000000000","TimeCreated":"2025/09/07 06:45:21.19658300","EventRecordID":"20179","ActivityID":"","RelatedActivityID":"","ProcessID":"3544","ThreadID":"4208","Channel":"Microsoft-Windows-Sysmon/Operational","Computer":"DESKTOP-K05T3EJ","UserID":"S-1-5-18","User":"NT AUTHORITY\\SYSTEM","Version":"5","Description":"Network connection detected:\r\nRuleName: Usermode\r\nUtcTime: 2025-08-30 05:15:28.152\r\nProcessGuid: {b2a55edd-5a38-68bc-2c18-000000000800}\r\nProcessId: 16300\r\nImage: C:\\Users\\Sec User\\AppData\\Local\\Microsoft\\OneDrive\\OneDrive.exe\r\nUser: DESKTOP-K05T3EJ\\Sec User\r\nProtocol: tcp\r\nInitiated: true\r\nSourceIsIpv6: false\r\nSourceIp: 10.10.10.101\r\nSourceHostname: DESKTOP-K05T3EJ\r\nSourcePort: 54732\r\nSourcePortName: -\r\nDestinationIsIpv6: false\r\nDestinationIp: 20.42.65.88\r\nDestinationHostname: -\r\nDestinationPort: 443\r\nDestinationPortName: https","EventData":["Usermode","2025-08-30 05:15:28.152","{B2A55EDD-5A38-68BC-2C18-000000000800}","16300","C:\\Users\\Sec User\\AppData\\Local\\Microsoft\\OneDrive\\OneDrive.exe","DESKTOP-K05T3EJ\\Sec User","tcp","true","false","10.10.10.101","DESKTOP-K05T3EJ","54732","-","false","20.42.65.88","-","443","https"]}
{"ProviderName":"Microsoft-Windows-Sysmon","ProviderGUID":"","EventID":"4","Level":"4","Task":"4","Opcode":"0","Keywords":"0x8000000000000000","TimeCreated":"2025/09/07 08:01:46.514360700","EventRecordID":"30130","ActivityID":"","RelatedActivityID":"","ProcessID":"3544","ThreadID":"4204","Channel":"Microsoft-Windows-Sysmon/Operational","Computer":"DESKTOP-K05T3EJ","UserID":"S-1-5-18","User":"NT AUTHORITY\\SYSTEM","Version":"3","Description":"","EventData":["2025-09-07 08:01:46.507","Stopped","15.15","4.90"]}
{"ProviderName":"Microsoft-Windows-Sysmon","ProviderGUID":"","EventID":"8","Level":"4","Task":"8","Opcode":"0","Keywords":"0x8000000000000000","TimeCreated":"2025/09/06 17:00:56.953414400","EventRecordID":"19903","ActivityID":"","RelatedActivityID":"","ProcessID":"3544","ThreadID":"4200","Channel":"Microsoft-Windows-Sysmon/Operational","Computer":"DESKTOP-K05T3EJ","UserID":"S-1-5-18","User":"NT AUTHORITY\\SYSTEM","Version":"2","Description":"CreateRemoteThread detected:\r\nRuleName: -\r\nUtcTime: 2025-09-06 17:00:56.929\r\nSourceProcessGuid: {b2a55edd-95cb-68b5-6107-000000000800}\r\nSourceProcessId: 5156\r\nSourceImage: C:\\Windows\\System32\\dwm.exe\r\nTargetProcessGuid: {b2a55edd-95cb-68b5-5e07-000000000800}\r\nTargetProcessId: 2132\r\nTargetImage: C:\\Windows\\System32\\csrss.exe\r\nNewThreadId: 3848\r\nStartAddress: 0xFFFFF80059D97EC0\r\nStartModule: -\r\nStartFunction: -\r\nSourceUser: Window Manager\\DWM-2\r\nTargetUser: NT AUTHORITY\\SYSTEM","EventData":["-","2025-09-06 17:00:56.929","{B2A55EDD-95CB-68B5-6107-000000000800}","5156","C:\\Windows\\System32\\dwm.exe","{B2A55EDD-95CB-68B5-5E07-000000000800}","2132","C:\\Windows\\System32\\csrss.exe","3848","0xFFFFF80059D97EC0","-","-","Window Manager\\DWM-2","NT AUTHORITY\\SYSTEM"]}
{"ProviderName":"Microsoft-Windows-Sysmon","ProviderGUID":"","EventID":"12","Level":"4","Task":"12","Opcode":"0","Keywords":"0x8000000000000000","TimeCreated":"2025/09/07 05:56:58.469064900","EventRecordID":"19971","ActivityID":"","RelatedActivityID":"","ProcessID":"3544","ThreadID":"4200","Channel":"Microsoft-Windows-Sysmon/Operational","Computer":"DESKTOP-K05T3EJ","UserID":"S-1-5-18","User":"NT AUTHORITY\\SYSTEM","Version":"2","Description":"Registry object added or deleted:\r\nRuleName: Context,DeviceConnectedOrUpdated\r\nEventType: DeleteValue\r\nUtcTime: 2025-09-07 05:56:58.309\r\nProcessGuid: {b2a55edd-a48d-68b1-4500-000000000800}\r\nProcessId: 3188\r\nImage: C:\\WINDOWS\\System32\\spoolsv.exe\r\nTargetObject: HKLM\\System\\CurrentControlSet\\Enum\\SWD\\PRINTENUM\\{B3A79AB6-502B-47F7-B8BA-5B311294BF00}\\FriendlyName\r\nUser: NT AUTHORITY\\SYSTEM","EventData":["Context,DeviceConnectedOrUpdated","DeleteValue","2025-09-07 05:56:58.309","{B2A55EDD-A48D-68B1-4500-000000000800}","3188","C:\\WINDOWS\\System32\\spoolsv.exe","HKLM\\System\\CurrentControlSet\\Enum\\SWD\\PRINTENUM\\{B3A79AB6-502B-47F7-B8BA-5B311294BF00}\\FriendlyName","NT AUTHORITY\\SYSTEM"]}
{"ProviderName":"Microsoft-Windows-Sysmon","ProviderGUID":"","EventID":"13","Level":"4","Task":"13","Opcode":"0","Keywords":"0x8000000000000000","TimeCreated":"2025/09/07 05:56:58.60287600","EventRecordID":"19962","ActivityID":"","RelatedActivityID":"","ProcessID":"3544","ThreadID":"4200","Channel":"Microsoft-Windows-Sysmon/Operational","Computer":"DESKTOP-K05T3EJ","UserID":"S-1-5-18","User":"NT AUTHORITY\\SYSTEM","Version":"2","Description":"Registry value set:\r\nRuleName: InvDB-DriverVer\r\nEventType: SetValue\r\nUtcTime: 2025-09-07 05:56:57.480\r\nProcessGuid: {b2a55edd-a48d-68b1-4500-000000000800}\r\nProcessId: 3188\r\nImage: C:\\WINDOWS\\System32\\spoolsv.exe\r\nTargetObject: HKLM\\SOFTWARE\\Microsoft\\Windows NT\\CurrentVersion\\Print\\Printers\\Microsoft Print to PDF (redirected 2),9\\DsDriver\\driverVersion\r\nDetails: DWORD (0x00000401)\r\nUser: NT AUTHORITY\\SYSTEM","EventData":["InvDB-DriverVer","SetValue","2025-09-07 05:56:57.480","{B2A55EDD-A48D-68B1-4500-000000000800}","3188","C:\\WINDOWS\\System32\\spoolsv.exe","HKLM\\SOFTWARE\\Microsoft\\Windows NT\\CurrentVersion\\Print\\Printers\\Microsoft Print to PDF (redirected 2),9\\DsDriver\\driverVersion","DWORD (0x00000401)","NT AUTHORITY\\SYSTEM"]}
{"ProviderName":"Microsoft-Windows-Sysmon","ProviderGUID":"","EventID":"22","Level":"4","Task":"22","Opcode":"0","Keywords":"0x8000000000000000","TimeCreated":"2025/09/07 05:56:56.767469200","EventRecordID":"19956","ActivityID":"","RelatedActivityID":"","ProcessID":"3544","ThreadID":"4228","Channel":"Microsoft-Windows-Sysmon/Operational","Computer":"DESKTOP-K05T3EJ","UserID":"S-1-5-18","User":"NT AUTHORITY\\SYSTEM","Version":"5","Description":"Dns query:\r\nRuleName: -\r\nUtcTime: 2025-08-30 04:27:04.788\r\nProcessGuid: {b2a55edd-5a38-68bc-2c18-000000000800}\r\nProcessId: 16300\r\nQueryName: ecs.office.com\r\nQueryStatus: 0\r\nQueryResults: type: 5 ecs.office.trafficmanager.net;type: 5 dual-s-0005-office.config.skype.com;type: 5 ecs-office.s-0005.dual-s-msedge.net;type: 5 s-0005.dual-s-msedge.net;::ffff:52.123.128.14;::ffff:52.123.129.14;\r\nImage: C:\\Users\\Sec User\\AppData\\Local\\Microsoft\\OneDrive\\OneDrive.exe\r\nUser: DESKTOP-K05T3EJ\\Sec User","EventData":["-","2025-08-30 04:27:04.788","{B2A55EDD-5A38-68BC-2C18-000000000800}","16300","ecs.office.com","0","type: 5 ecs.office.trafficmanager.net;type: 5 dual-s-0005-office.config.skype.com;type: 5 ecs-office.s-0005.dual-s-msedge.net;type: 5 s-0005.dual-s-msedge.net;::ffff:52.123.128.14;::ffff:52.123.129.14;","C:\\Users\\Sec User\\AppData\\Local\\Microsoft\\OneDrive\\OneDrive.exe","DESKTOP-K05T3EJ\\Sec User"]}
{"ProviderName":"Microsoft-Windows-Sysmon","ProviderGUID":"","EventID":"11","Level":"4","Task":"11","Opcode":"0","Keywords":"0x8000000000000000","TimeCreated":"2025/09/07 07:05:54.846887700","EventRecordID":"20252","ActivityID":"","RelatedActivityID":"","ProcessID":"3544","ThreadID":"4200","Channel":"Microsoft-Windows-Sysmon/Operational","Computer":"DESKTOP-K05T3EJ","UserID":"S-1-5-18","User":"NT AUTHORITY\\SYSTEM","Version":"2","Description":"File created:\r\nRuleName: Downloads\r\nUtcTime: 2025-09-07 07:05:54.844\r\nProcessGuid: {b2a55edd-95d0-68b5-7a07-000000000800}\r\nProcessId: 5992\r\nImage: C:\\WINDOWS\\Explorer.EXE\r\nTargetFilename: C:\\Users\\Sec User\\Downloads\\New Text Document.txt\r\nCreationUtcTime: 2025-09-07 07:05:54.844\r\nUser: DESKTOP-K05T3EJ\\Sec User","EventData":["Downloads","2025-09-07 07:05:54.844","{B2A55EDD-95D0-68B5-7A07-000000000800}","5992","C:\\WINDOWS\\Explorer.EXE","C:\\Users\\Sec User\\Downloads\\New Text Document.txt","2025-09-07 07:05:54.844","DESKTOP-K05T3EJ\\Sec User"]}
{"ProviderName":"Microsoft-Windows-Sysmon","ProviderGUID":"","EventID":"5","Level":"4","Task":"5","Opcode":"0","Keywords":"0x8000000000000000","TimeCreated":"2025/09/07 07:14:07.941484400","EventRecordID":"20326","ActivityID":"","RelatedActivityID":"","ProcessID":"3544","ThreadID":"4200","Channel":"Microsoft-Windows-Sysmon/Operational","Computer":"DESKTOP-K05T3EJ","UserID":"S-1-5-18","User":"NT AUTHORITY\\SYSTEM","Version":"3","Description":"Process terminated:\r\nRuleName: -\r\nUtcTime: 2025-09-07 07:14:07.940\r\nProcessGuid: {b2a55edd-30bf-68bd-fe19-000000000800}\r\nProcessId: 16256\r\nImage: C:\\Users\\Sec User\\Downloads\\Sysmon\\Sysmon.exe\r\nUser: DESKTOP-K05T3EJ\\Sec User","EventData":["-","2025-09-07 07:14:07.940","{B2A55EDD-30BF-68BD-FE19-000000000800}","16256","C:\\Users\\Sec User\\Downloads\\Sysmon\\Sysmon.exe","DESKTOP-K05T3EJ\\Sec User"]}
{"ProviderName":"Microsoft-Windows-Sysmon","ProviderGUID":"","EventID":"15","Level":"4","Task":"15","Opcode":"0","Keywords":"0x8000000000000000","TimeCreated":"2025/09/07 07:32:33.29131200","EventRecordID":"20667","ActivityID":"","RelatedActivityID":"","ProcessID":"3544","ThreadID":"4200","Channel":"Microsoft-Windows-Sysmon/Operational","Computer":"DESKTOP-K05T3EJ","UserID":"S-1-5-18","User":"NT AUTHORITY\\SYSTEM","Version":"2","Description":"File stream created:\r\nRuleName: -\r\nUtcTime: 2025-09-07 07:32:33.028\r\nProcessGuid: {b2a55edd-95d0-68b5-7a07-000000000800}\r\nProcessId: 5992\r\nImage: C:\\WINDOWS\\Explorer.EXE\r\nTargetFilename: C:\\Users\\Sec User\\Downloads\\invoke-atomicredteam-master\\invoke-atomicredteam-master\\sandbox\\setupsandbox.ps1:Zone.Identifier\r\nCreationUtcTime: 2025-08-24 01:28:18.000\r\nHash: MD5=C9FCF2F867E83A74CB72B7E05729A3AD,SHA256=F167A5F8F4DB80C8B3D4C7D63F5BBD22D0E520D979FA76FF94AA48CC8170BFF8,IMPHASH=00000000000000000000000000000000\r\nContents: [ZoneTransfer]  ZoneId=3  ReferrerUrl=C:\\Users\\Sec User\\Downloads\\invoke-atomicredteam-master.zip  \r\nUser: DESKTOP-K05T3EJ\\Sec User","EventData":["-","2025-09-07 07:32:33.028","{B2A55EDD-95D0-68B5-7A07-000000000800}","5992","C:\\WINDOWS\\Explorer.EXE","C:\\Users\\Sec User\\Downloads\\invoke-atomicredteam-master\\invoke-atomicredteam-master\\sandbox\\setupsandbox.ps1:Zone.Identifier","2025-08-24 01:28:18.000","MD5=C9FCF2F867E83A74CB72B7E05729A3AD,SHA256=F167A5F8F4DB80C8B3D4C7D63F5BBD22D0E520D979FA76FF94AA48CC8170BFF8,IMPHASH=00000000000000000000000000000000","[ZoneTransfer]  ZoneId=3  ReferrerUrl=C:\\Users\\Sec User\\Downloads\\invoke-atomicredteam-master.zip  ","DESKTOP-K05T3EJ\\Sec User"]}
{"ProviderName":"Microsoft-Windows-Sysmon","ProviderGUID":"","EventID":"2","Level":"4","Task":"2","Opcode":"0","Keywords":"0x8000000000000000","TimeCreated":"2025/09/07 07:37:43.913943200","EventRecordID":"29124","ActivityID":"","RelatedActivityID":"","ProcessID":"3544","ThreadID":"4200","Channel":"Microsoft-Windows-Sysmon/Operational","Computer":"DESKTOP-K05T3EJ","UserID":"S-1-5-18","User":"NT AUTHORITY\\SYSTEM","Version":"5","Description":"File creation time changed:\r\nRuleName: T1099\r\nUtcTime: 2025-09-07 07:37:43.913\r\nProcessGuid: {b2a55edd-95d0-68b5-7a07-000000000800}\r\nProcessId: 5992\r\nImage: C:\\WINDOWS\\Explorer.EXE\r\nTargetFilename: C:\\Users\\Sec User\\Downloads\\atomic-red-team-master\\atomic-red-team-master\\atomics\\T1614.001\\bin\\LanguageKeyboardLayout.exe\r\nCreationUtcTime: 2025-09-05 10:52:40.000\r\nPreviousCreationUtcTime: 2025-09-07 07:37:43.913\r\nUser: DESKTOP-K05T3EJ\\Sec User","EventData":["T1099","2025-09-07 07:37:43.913","{B2A55EDD-95D0-68B5-7A07-000000000800}","5992","C:\\WINDOWS\\Explorer.EXE","C:\\Users\\Sec User\\Downloads\\atomic-red-team-master\\atomic-red-team-master\\atomics\\T1614.001\\bin\\LanguageKeyboardLayout.exe","2025-09-05 10:52:40.000","2025-09-07 07:37:43.913","DESKTOP-K05T3EJ\\Sec User"]}
{"ProviderName":"Microsoft-Windows-Sysmon","ProviderGUID":"","EventID":"16","Level":"4","Task":"16","Opcode":"0","Keywords":"0x8000000000000000","TimeCreated":"2025/09/07 08:07:09.989897600","EventRecordID":"30201","ActivityID":"","RelatedActivityID":"","ProcessID":"10824","ThreadID":"1764","Channel":"Microsoft-Windows-Sysmon/Operational","Computer":"DESKTOP-K05T3EJ","UserID":"S-1-5-21-647405284-1499250508-452445211-1001","User":"DESKTOP-K05T3EJ\\Sec User","Version":"3","Description":"Sysmon config state changed:\r\nUtcTime: 2025-09-07 08:07:09.988\r\nConfiguration: C:\\Users\\Sec User\\Downloads\\Sysmon\\sysmonconfig-export.xml\r\nConfigurationFileHash: SHA256=055FEBC600E6D7448CDF3812307275912927A62B1F94D0D933B64B294BC87162","EventData":["2025-09-07 08:07:09.988","C:\\Users\\Sec User\\Downloads\\Sysmon\\sysmonconfig-export.xml","SHA256=055FEBC600E6D7448CDF3812307275912927A62B1F94D0D933B64B294BC87162"]}



Linux auth log
^(?<EventTime>[^ ]+)? (?<Computer>[^ ]+)\ssudo: pam_unix\(sudo:session\): session opened for user (?<user_name_1>\w+)\(uid=(?<user_name1_uid>\d+)\) by (?<user_name_2>[^ ]+)\(uid=(?<user_name2_uid>\d+)\)$

2025-09-08T14:33:18.051519+00:00 coreserver sudo: pam_unix(sudo:session): session opened for user root(uid=0) by core_user(uid=1000)


^(?<EventTime>[^ ]+)? (?<Computer>[^ ]+)\s(?:CRON\[\d+\]\:)\s+pam_unix\(cron:session\): session opened for user (?<user_name_1>\w+)\(uid=(?<user_name1_uid>\d+)\) by (?<user_name_2>[^ ]+)\(uid=(?<user_name2_uid>\d+)\)$
^(?<EventTime>[^ ]+)? (?<Computer>[^ ]+)\s(?:CRON\[\d+\]\:)\s+pam_unix\(cron:session\): session closed for user (?<user_name_1>[^ ]+)$
2025-09-08T14:35:01.413195+00:00 coreserver CRON[20390]: pam_unix(cron:session): session opened for user root(uid=0) by root(uid=0)


^(?<EventTime>[^ ]+)? (?<Computer>[^ ]+)\s+sudo: (?<user_name_1>[^ ]+)\s+: TTY=pts\/\d+\s+; PWD=(?<working_dir>[^ ]+) ; USER=(?<user_name_2>[^ ]+) ; COMMAND=(?<CommandLine>[^\r\n]+)$
2025-09-08T14:33:18.047186+00:00 coreserver sudo: core_user : TTY=pts/1 ; PWD=/home/core_user ; USER=root ; COMMAND=/usr/bin/nano /etc/fluent/new_fluentd.conf
